#
# A fatal error has been detected by the Java Runtime Environment:
#
#  EXCEPTION_ACCESS_VIOLATION (0xc0000005) at pc=0x00007ffad794ce87, pid=15296, tid=20756
#
# JRE version: Java(TM) SE Runtime Environment (21.0.3+7) (build 21.0.3+7-LTS-152)
# Java VM: Java HotSpot(TM) 64-Bit Server VM (21.0.3+7-LTS-152, mixed mode, emulated-client, sharing, tiered, compressed oops, compressed class ptrs, g1 gc, windows-amd64)
# Problematic frame:
# V  [jvm.dll+0x67ce87]
#
# No core dump will be written. Minidumps are not enabled by default on client versions of Windows
#
# If you would like to submit a bug report, please visit:
#   https://bugreport.java.com/bugreport/crash.jsp
#

---------------  S U M M A R Y ------------

Command Line: -Dcom.sun.management.jmxremote -Dcom.sun.management.jmxremote.port=63886 -Dcom.sun.management.jmxremote.authenticate=false -Dcom.sun.management.jmxremote.ssl=false -Djava.rmi.server.hostname=localhost -Dspring.jmx.enabled=true -Dmanagement.endpoints.jmx.exposure.include=* -Dspring.application.admin.enabled=true -XX:TieredStopAtLevel=1 -Dspring.boot.project.name=SlackToSurplus -Dfile.encoding=UTF-8 -Dstdout.encoding=UTF-8 -Dstderr.encoding=UTF-8 -XX:+ShowCodeDetailsInExceptionMessages com.klu.ss.SlackToSurplusApplication --spring.output.ansi.enabled=always

Host: 11th Gen Intel(R) Core(TM) i5-11320H @ 3.20GHz, 8 cores, 15G,  Windows 11 , 64 bit Build 22621 (10.0.22621.4391)
Time: Thu Nov 21 12:09:14 2024 India Standard Time elapsed time: 3893.463946 seconds (0d 1h 4m 53s)

---------------  T H R E A D  ---------------

Current thread (0x00000248b9ab7d50):  WorkerThread "GC Thread#3"    [id=20756, stack(0x0000005842300000,0x0000005842400000) (1024K)]

Stack: [0x0000005842300000,0x0000005842400000],  sp=0x00000058423ff520,  free space=1021k
Native frames: (J=compiled Java code, j=interpreted, Vv=VM code, C=native code)
V  [jvm.dll+0x67ce87]
V  [jvm.dll+0x3bab98]
V  [jvm.dll+0x6d32d2]
V  [jvm.dll+0x353ab2]
V  [jvm.dll+0x87d0e7]
V  [jvm.dll+0x7f9ffb]
V  [jvm.dll+0x6c4a9d]
C  [ucrtbase.dll+0x29333]
C  [KERNEL32.DLL+0x1259d]
C  [ntdll.dll+0x5af38]


siginfo: EXCEPTION_ACCESS_VIOLATION (0xc0000005), reading address 0x0000000000020100


Registers:
RAX=0x0000000000000070, RBX=0x00000248b9aa0c60, RCX=0x0000000000020000, RDX=0x0000000000000000
RSP=0x00000058423ff520, RBP=0x00000248bb146578, RSI=0x0000000000020000, RDI=0x0000000000000014
R8 =0x0000000000000003, R9 =0x00000248af7b5ec0, R10=0x00000248af7b5e82, R11=0x00000058423ff5f0
R12=0x0000000000000030, R13=0x0000000000000000, R14=0x0000000000000000, R15=0x00000000000003d8
RIP=0x00007ffad794ce87, EFLAGS=0x0000000000010202


Register to memory mapping:

RAX=0x0000000000000070 is an unknown value
RBX=0x00000248b9aa0c60 points into unknown readable memory: 0x0000000000000000 | 00 00 00 00 00 00 00 00
RCX=0x0000000000020000 is an unknown value
RDX=0x0 is null
RSP=0x00000058423ff520 points into unknown readable memory: 0x00000248a40723e0 | e0 23 07 a4 48 02 00 00
RBP=0x00000248bb146578 is a pointer to class: 
java.time.OffsetDateTime {0x00000248bb146580}
 - instance size:     3
 - klass size:        90
 - access:            public final synchronized 
 - flags:             rewritten has_nonstatic_fields has_nonstatic_concrete_methods has_localvariable_table has_resolved_methods 
 - state:             fully_initialized
 - name:              'java/time/OffsetDateTime'
 - super:             'java/lang/Object'
 - sub:               
 - arrays:            null
 - methods:           Array<T>(0x00000248fb758988)
 - method ordering:   Array<T>(0x00000248bab30960)
 - default_methods:   Array<T>(0x0000000000000000)
 - local interfaces:  Array<T>(0x00000248fb758960)
 - trans. interfaces: Array<T>(0x00000248fb75db80)
 - constants:         constant pool [752]/operands[14] {0x00000248fb757058} for 'java/time/OffsetDateTime' cache=0x00000248fbf357e0
 - class loader data:  loader data: 0x00000248b8f6a120 of 'bootstrap'
 - source file:       'OffsetDateTime.java'
 - class annotations:       Array<T>(0x00000248fb75db20)
 - class type annotations:  Array<T>(0x0000000000000000)
 - field annotations:       Array<T>(0x0000000000000000)
 - field type annotations:  Array<T>(0x0000000000000000)
 - generic signature: 'Ljava/lang/Object;Ljava/time/temporal/Temporal;Ljava/time/temporal/TemporalAdjuster;Ljava/lang/Comparable<Ljava/time/OffsetDateTime;>;Ljava/io/Serializable;'
 - inner classes:     Array<T>(0x00000248fb75db30)
 - nest members:     Array<T>(0x00000248fb75db50)
 - permitted subclasses:     Array<T>(0x00000248ba6138f8)
 - java mirror:       a 'java/lang/Class'{0x0000000704ae4500} = 'java/time/OffsetDateTime'
 - vtable length      5  (start addr: 0x00000248bb146740)
 - itable length      27 (start addr: 0x00000248bb146768)
 - ---- static fields (2 words):
 - public static final 'MIN' 'Ljava/time/OffsetDateTime;' @112 
 - public static final 'MAX' 'Ljava/time/OffsetDateTime;' @116 
 - private static final 'serialVersionUID' 'J' @120 
 - ---- non-static fields (2 words):
 - private final 'dateTime' 'Ljava/time/LocalDateTime;' @12 
 - private final 'offset' 'Ljava/time/ZoneOffset;' @16 
 - non-static oop maps: 12-16 
RSI=0x0000000000020000 is an unknown value
RDI=0x0000000000000014 is an unknown value
R8 =0x0000000000000003 is an unknown value
R9 =0x00000248af7b5ec0 is at entry_point+32 in (nmethod*)0x00000248af7b5c90
Compiled method (c1) 3893485 10026       1       java.util.ArrayList::equalsRange (85 bytes)
 total in heap  [0x00000248af7b5c90,0x00000248af7b63a8] = 1816
 relocation     [0x00000248af7b5df0,0x00000248af7b5e88] = 152
 main code      [0x00000248af7b5ea0,0x00000248af7b6180] = 736
 stub code      [0x00000248af7b6180,0x00000248af7b6218] = 152
 metadata       [0x00000248af7b6218,0x00000248af7b6228] = 16
 scopes data    [0x00000248af7b6228,0x00000248af7b62b8] = 144
 scopes pcs     [0x00000248af7b62b8,0x00000248af7b6388] = 208
 dependencies   [0x00000248af7b6388,0x00000248af7b6390] = 8
 nul chk table  [0x00000248af7b6390,0x00000248af7b63a8] = 24
R10=0x00000248af7b5e82 is at entry_point+-30 in (nmethod*)0x00000248af7b5c90
Compiled method (c1) 3893485 10026       1       java.util.ArrayList::equalsRange (85 bytes)
 total in heap  [0x00000248af7b5c90,0x00000248af7b63a8] = 1816
 relocation     [0x00000248af7b5df0,0x00000248af7b5e88] = 152
 main code      [0x00000248af7b5ea0,0x00000248af7b6180] = 736
 stub code      [0x00000248af7b6180,0x00000248af7b6218] = 152
 metadata       [0x00000248af7b6218,0x00000248af7b6228] = 16
 scopes data    [0x00000248af7b6228,0x00000248af7b62b8] = 144
 scopes pcs     [0x00000248af7b62b8,0x00000248af7b6388] = 208
 dependencies   [0x00000248af7b6388,0x00000248af7b6390] = 8
 nul chk table  [0x00000248af7b6390,0x00000248af7b63a8] = 24
R11=0x00000058423ff5f0 points into unknown readable memory: 0x0000000000000070 | 70 00 00 00 00 00 00 00
R12=0x0000000000000030 is an unknown value
R13=0x0 is null
R14=0x0 is null
R15=0x00000000000003d8 is an unknown value

Top of Stack: (sp=0x00000058423ff520)
0x00000058423ff520:   00000248a40723e0 00007ffa00000001
0x00000058423ff530:   0000000000000000 00000248a40723e0
0x00000058423ff540:   00007ffa00000000 00007ffad74f0373
0x00000058423ff550:   00000000000003d8 00000000000000a0
0x00000058423ff560:   0000000000000000 0000000000000030
0x00000058423ff570:   0000000000000014 00007ffad768ab98
0x00000058423ff580:   00000248af7b5c90 0000000000020000
0x00000058423ff590:   00000248bb146578 00000248b9307d70
0x00000058423ff5a0:   00000248b9308158 00000248b9aa7c60
0x00000058423ff5b0:   00000248b9307d70 00000248b9307d80
0x00000058423ff5c0:   0000005840efe380 00007ffad79a32d2
0x00000058423ff5d0:   00000248af7b2c10 00000248af7b3810
0x00000058423ff5e0:   0000763855feb8b1 0000000000000000
0x00000058423ff5f0:   0000000000000070 00000248b9a4d298
0x00000058423ff600:   0000000000000002 00007ffad7623ab2
0x00000058423ff610:   0000005840efe340 00000248b9ab7d50
0x00000058423ff620:   0000000000000002 0000000000000002
0x00000058423ff630:   00000248b9aa0c60 00007ffad7b4d0e7
0x00000058423ff640:   00000248a61f7c38 00000248b9ab7d50
0x00000058423ff650:   0000000000000002 00000248b9aa0c60
0x00000058423ff660:   0000000000000000 00000248b9ab7d50
0x00000058423ff670:   0000000000000000 0000000000100000
0x00000058423ff680:   0000000000000000 00007ffad7ac9ffb
0x00000058423ff690:   0000005842300000 00000000ffffffff
0x00000058423ff6a0:   0000000000000000 0000000000000000
0x00000058423ff6b0:   0000000000000004 0000000000001000
0x00000058423ff6c0:   0000000400001000 0000000000020000
0x00000058423ff6d0:   0000000000000000 00007ffad7aca7ca
0x00000058423ff6e0:   00000248b9ab7d50 0000000000000000
0x00000058423ff6f0:   00004f5505706154 0000000000000000
0x00000058423ff700:   0000000000000000 00007ffad7994a9d
0x00000058423ff710:   00000248b9ab7d50 00000248b9ab7d50 

Instructions: (pc=0x00007ffad794ce87)
0x00007ffad794cd87:   1e 27 00 48 8b 7c 24 50 4c 8b 64 24 58 48 8b 5c
0x00007ffad794cd97:   24 60 48 8b 6c 24 68 48 83 c4 30 41 5f 41 5e 5e
0x00007ffad794cda7:   c3 48 8b cb e8 90 b8 ac ff 0f b6 c0 4c 8d 0d ee
0x00007ffad794cdb7:   df 39 00 41 b8 73 05 00 00 89 44 24 20 48 8d 15
0x00007ffad794cdc7:   f5 df 39 00 b9 00 00 00 e0 e8 eb fc bf ff cc 48
0x00007ffad794cdd7:   8b cb e8 62 b8 ac ff 0f b6 c0 4c 8d 0d c0 df 39
0x00007ffad794cde7:   00 41 b8 f1 06 00 00 89 44 24 20 48 8d 15 c7 df
0x00007ffad794cdf7:   39 00 b9 00 00 00 e0 e8 bd fc bf ff cc 48 8b cb
0x00007ffad794ce07:   e8 34 b8 ac ff 0f b6 c0 4c 8d 0d 92 df 39 00 41
0x00007ffad794ce17:   b8 73 05 00 00 89 44 24 20 48 8d 15 99 df 39 00
0x00007ffad794ce27:   b9 00 00 00 e0 e8 8f fc bf ff cc cc cc cc cc cc
0x00007ffad794ce37:   cc cc cc cc cc cc cc cc cc 48 89 5c 24 10 48 89
0x00007ffad794ce47:   6c 24 18 48 89 74 24 20 57 41 54 41 55 41 56 41
0x00007ffad794ce57:   57 48 83 ec 30 65 48 8b 04 25 58 00 00 00 44 0f
0x00007ffad794ce67:   b6 f2 44 8b 05 78 58 5e 00 48 8b f1 4a 8b 1c c0
0x00007ffad794ce77:   b8 70 00 00 00 80 3c 18 00 75 05 e8 59 0a 27 00
0x00007ffad794ce87:   83 be 00 01 00 00 00 b8 20 00 00 00 48 8b 04 18
0x00007ffad794ce97:   48 8b a8 18 03 00 00 48 8b 7d 28 4c 8b 7d 10 4c
0x00007ffad794cea7:   8b 65 18 4c 8b 6d 20 48 89 7c 24 60 7e 65 48 8d
0x00007ffad794ceb7:   8e 08 01 00 00 e8 7f 0d 00 00 48 8b f8 48 85 c0
0x00007ffad794cec7:   74 4c 0f 1f 80 00 00 00 00 48 8b 07 41 0f b6 d6
0x00007ffad794ced7:   48 8b cf ff 90 80 00 00 00 8b 5f 08 48 8b cf 48
0x00007ffad794cee7:   8b 07 2b de ff 10 8d 48 e0 8d 0c cb 3b 8e 00 01
0x00007ffad794cef7:   00 00 7d 1a 48 63 c9 48 81 c1 08 01 00 00 48 03
0x00007ffad794cf07:   ce e8 33 0d 00 00 48 8b f8 48 85 c0 75 bb 48 8b
0x00007ffad794cf17:   7c 24 60 48 63 86 04 01 00 00 83 f8 fe 74 35 48
0x00007ffad794cf27:   8d 88 08 01 00 00 48 03 ce e8 0b 0d 00 00 48 8b
0x00007ffad794cf37:   c8 48 8b d8 48 8b 10 ff 52 68 33 c9 84 c0 48 0f
0x00007ffad794cf47:   45 cb 48 85 c9 74 0d 48 8b 01 41 0f b6 d6 ff 90
0x00007ffad794cf57:   80 00 00 00 48 8d 05 7e e2 39 00 44 88 74 24 28
0x00007ffad794cf67:   48 8d 54 24 20 48 89 44 24 20 48 8b ce e8 87 fc
0x00007ffad794cf77:   ff ff 49 83 3f 00 74 13 48 8b d7 48 8b cd e8 56 


Stack slot to memory mapping:

stack at sp + 0 slots: 0x00000248a40723e0 points into unknown readable memory: 0x0000000300000001 | 01 00 00 00 03 00 00 00
stack at sp + 1 slots: 0x00007ffa00000001 is an unknown value
stack at sp + 2 slots: 0x0 is null
stack at sp + 3 slots: 0x00000248a40723e0 points into unknown readable memory: 0x0000000300000001 | 01 00 00 00 03 00 00 00
stack at sp + 4 slots: 0x00007ffa00000000 is an unknown value
stack at sp + 5 slots: 0x00007ffad74f0373 jvm.dll
stack at sp + 6 slots: 0x00000000000003d8 is an unknown value
stack at sp + 7 slots: 0x00000000000000a0 is an unknown value


---------------  P R O C E S S  ---------------

Threads class SMR info:
_java_thread_list=0x0000024881a95720, length=19, elements={
0x00000248b90e3810, 0x00000248b90e4730, 0x00000248b90e6c10, 0x00000248b90eab10,
0x00000248b90f37a0, 0x00000248b90fb640, 0x00000248b90ff060, 0x00000248b90fbcd0,
0x00000248b90fa920, 0x00000248b90f9570, 0x00000248b90f9c00, 0x00000248b90fafb0,
0x00000248b90f8850, 0x00000248b90f8ee0, 0x00000248b9b0de50, 0x00000248b9b0c410,
0x0000024882142cd0, 0x000002488213f850, 0x00000248b9b0d130
}

Java Threads: ( => current thread )
  0x00000248b90e3810 JavaThread "Reference Handler"          daemon [_thread_blocked, id=24148, stack(0x0000005840f00000,0x0000005841000000) (1024K)]
  0x00000248b90e4730 JavaThread "Finalizer"                  daemon [_thread_blocked, id=13384, stack(0x0000005841000000,0x0000005841100000) (1024K)]
  0x00000248b90e6c10 JavaThread "Signal Dispatcher"          daemon [_thread_blocked, id=2860, stack(0x0000005841100000,0x0000005841200000) (1024K)]
  0x00000248b90eab10 JavaThread "Attach Listener"            daemon [_thread_blocked, id=23600, stack(0x0000005841200000,0x0000005841300000) (1024K)]
  0x00000248b90f37a0 JavaThread "Service Thread"             daemon [_thread_blocked, id=15888, stack(0x0000005841300000,0x0000005841400000) (1024K)]
  0x00000248b90fb640 JavaThread "Monitor Deflation Thread"   daemon [_thread_blocked, id=18484, stack(0x0000005841400000,0x0000005841500000) (1024K)]
  0x00000248b90ff060 JavaThread "C1 CompilerThread0"         daemon [_thread_blocked, id=21208, stack(0x0000005841500000,0x0000005841600000) (1024K)]
  0x00000248b90fbcd0 JavaThread "Common-Cleaner"             daemon [_thread_blocked, id=4000, stack(0x0000005841600000,0x0000005841700000) (1024K)]
  0x00000248b90fa920 JavaThread "Notification Thread"        daemon [_thread_blocked, id=19800, stack(0x0000005841900000,0x0000005841a00000) (1024K)]
  0x00000248b90f9570 JavaThread "RMI TCP Accept-0"           daemon [_thread_in_native, id=18660, stack(0x0000005841b00000,0x0000005841c00000) (1024K)]
  0x00000248b90f9c00 JavaThread "RMI TCP Accept-63886"       daemon [_thread_in_native, id=8696, stack(0x0000005841c00000,0x0000005841d00000) (1024K)]
  0x00000248b90fafb0 JavaThread "RMI Scheduler(0)"           daemon [_thread_blocked, id=612, stack(0x0000005841e00000,0x0000005841f00000) (1024K)]
  0x00000248b90f8850 JavaThread "RMI TCP Connection(idle)"   daemon [_thread_blocked, id=5728, stack(0x0000005841f00000,0x0000005842000000) (1024K)]
  0x00000248b90f8ee0 JavaThread "RMI TCP Accept-0"           daemon [_thread_in_native, id=5144, stack(0x0000005842000000,0x0000005842100000) (1024K)]
  0x00000248b9b0de50 JavaThread "JMX server connection timeout 35" daemon [_thread_blocked, id=2720, stack(0x0000005842800000,0x0000005842900000) (1024K)]
  0x00000248b9b0c410 JavaThread "mysql-cj-abandoned-connection-cleanup" daemon [_thread_blocked, id=21348, stack(0x0000005842f00000,0x0000005843000000) (1024K)]
  0x0000024882142cd0 JavaThread "Live Reload Server"         daemon [_thread_in_native, id=22632, stack(0x0000005843500000,0x0000005843600000) (1024K)]
  0x000002488213f850 JavaThread "DestroyJavaVM"                     [_thread_blocked, id=14836, stack(0x0000005840700000,0x0000005840800000) (1024K)]
  0x00000248b9b0d130 JavaThread "Thread-5"                          [_thread_blocked, id=25444, stack(0x0000005840400000,0x0000005840500000) (1024K)]
Total: 19

Other Threads:
  0x00000248b90c3570 VMThread "VM Thread"                           [id=20776, stack(0x0000005840e00000,0x0000005840f00000) (1024K)]
  0x00000248b90afdd0 WatcherThread "VM Periodic Task Thread"        [id=20784, stack(0x0000005840d00000,0x0000005840e00000) (1024K)]
  0x00000248a6248110 WorkerThread "GC Thread#0"                     [id=13572, stack(0x0000005840800000,0x0000005840900000) (1024K)]
  0x00000248b9ab7610 WorkerThread "GC Thread#1"                     [id=5956, stack(0x0000005842100000,0x0000005842200000) (1024K)]
  0x00000248b9ab79b0 WorkerThread "GC Thread#2"                     [id=4840, stack(0x0000005842200000,0x0000005842300000) (1024K)]
=>0x00000248b9ab7d50 WorkerThread "GC Thread#3"                     [id=20756, stack(0x0000005842300000,0x0000005842400000) (1024K)]
  0x00000248b9ab8500 WorkerThread "GC Thread#4"                     [id=532, stack(0x0000005842400000,0x0000005842500000) (1024K)]
  0x00000248b9ab88a0 WorkerThread "GC Thread#5"                     [id=18920, stack(0x0000005842500000,0x0000005842600000) (1024K)]
  0x00000248b9ae5dd0 WorkerThread "GC Thread#6"                     [id=25032, stack(0x0000005842600000,0x0000005842700000) (1024K)]
  0x00000248b9aec190 WorkerThread "GC Thread#7"                     [id=19520, stack(0x0000005842700000,0x0000005842800000) (1024K)]
  0x00000248a6258cf0 ConcurrentGCThread "G1 Main Marker"            [id=2428, stack(0x0000005840900000,0x0000005840a00000) (1024K)]
  0x00000248a625a140 WorkerThread "G1 Conc#0"                       [id=17312, stack(0x0000005840a00000,0x0000005840b00000) (1024K)]
  0x0000024880563390 WorkerThread "G1 Conc#1"                       [id=11796, stack(0x0000005842c00000,0x0000005842d00000) (1024K)]
  0x00000248b8f83220 ConcurrentGCThread "G1 Refine#0"               [id=16408, stack(0x0000005840b00000,0x0000005840c00000) (1024K)]
  0x00000248b8f83ca0 ConcurrentGCThread "G1 Service"                [id=21076, stack(0x0000005840c00000,0x0000005840d00000) (1024K)]
Total: 15

Threads with active compile tasks:
C1 CompilerThread0  3893509 10907  s    1       org.apache.catalina.util.LifecycleBase::setStateInternal (144 bytes)
Total: 1

VM state: at safepoint (normal execution)

VM Mutex/Monitor currently owned by a thread:  ([mutex/lock_event])
[0x00007ffad7f02da8] Threads_lock - owner thread: 0x00000248b90c3570
[0x00007ffad7f02ea8] Heap_lock - owner thread: 0x00000248b9b0d130

Heap address: 0x0000000704000000, size: 4032 MB, Compressed Oops mode: Zero based, Oop shift amount: 3

CDS archive(s) mapped at: [0x00000248ba000000-0x00000248bac90000-0x00000248bac90000), size 13172736, SharedBaseAddress: 0x00000248ba000000, ArchiveRelocationMode: 1.
Compressed class space mapped at: 0x00000248bb000000-0x00000248fb000000, reserved size: 1073741824
Narrow klass base: 0x00000248ba000000, Narrow klass shift: 0, Narrow klass range: 0x100000000

GC Precious Log:
 CardTable entry size: 512
 Card Set container configuration: InlinePtr #cards 4 size 8 Array Of Cards #cards 16 size 48 Howl #buckets 8 coarsen threshold 3686 Howl Bitmap #cards 512 size 80 coarsen threshold 460 Card regions per heap region 1 cards per card region 4096
 CPUs: 8 total, 8 available
 Memory: 16122M
 Large Page Support: Disabled
 NUMA Support: Disabled
 Compressed Oops: Enabled (Zero based)
 Heap Region Size: 2M
 Heap Min Capacity: 8M
 Heap Initial Capacity: 252M
 Heap Max Capacity: 4032M
 Pre-touch: Disabled
 Parallel Workers: 8
 Concurrent Workers: 2
 Concurrent Refinement Workers: 8
 Periodic GC: Disabled

Heap:
 garbage-first heap   total 90112K, used 48020K [0x0000000704000000, 0x0000000800000000)
  region size 2048K, 6 young (12288K), 2 survivors (4096K)
 Metaspace       used 82426K, committed 83072K, reserved 1179648K
  class space    used 11915K, committed 12224K, reserved 1048576K

Heap Regions: E=young(eden), S=young(survivor), O=old, HS=humongous(starts), HC=humongous(continues), CS=collection set, F=free, TAMS=top-at-mark-start, PB=parsable bottom
|   0|0x0000000704000000, 0x0000000704200000, 0x0000000704200000|100%| O|  |TAMS 0x0000000704000000| PB 0x0000000704000000| Untracked 
|   1|0x0000000704200000, 0x0000000704400000, 0x0000000704400000|100%| O|  |TAMS 0x0000000704200000| PB 0x0000000704200000| Untracked 
|   2|0x0000000704400000, 0x0000000704600000, 0x0000000704600000|100%| O|  |TAMS 0x0000000704400000| PB 0x0000000704400000| Untracked 
|   3|0x0000000704600000, 0x0000000704800000, 0x0000000704800000|100%| O|  |TAMS 0x0000000704600000| PB 0x0000000704600000| Untracked 
|   4|0x0000000704800000, 0x0000000704a00000, 0x0000000704a00000|100%| O|  |TAMS 0x0000000704800000| PB 0x0000000704800000| Untracked 
|   5|0x0000000704a00000, 0x0000000704c00000, 0x0000000704c00000|100%| O|  |TAMS 0x0000000704a00000| PB 0x0000000704a00000| Untracked 
|   6|0x0000000704c00000, 0x0000000704e00000, 0x0000000704e00000|100%| O|  |TAMS 0x0000000704c00000| PB 0x0000000704c00000| Untracked 
|   7|0x0000000704e00000, 0x0000000705000000, 0x0000000705000000|100%| O|  |TAMS 0x0000000704e00000| PB 0x0000000704e00000| Untracked 
|   8|0x0000000705000000, 0x0000000705200000, 0x0000000705200000|100%| O|  |TAMS 0x0000000705000000| PB 0x0000000705000000| Untracked 
|   9|0x0000000705200000, 0x0000000705400000, 0x0000000705400000|100%| O|  |TAMS 0x0000000705200000| PB 0x0000000705200000| Untracked 
|  10|0x0000000705400000, 0x0000000705600000, 0x0000000705600000|100%| O|  |TAMS 0x0000000705400000| PB 0x0000000705400000| Untracked 
|  11|0x0000000705600000, 0x0000000705600000, 0x0000000705800000|  0%| F|  |TAMS 0x0000000705600000| PB 0x0000000705600000| Untracked 
|  12|0x0000000705800000, 0x0000000705a00000, 0x0000000705a00000|100%| O|  |TAMS 0x0000000705800000| PB 0x0000000705800000| Untracked 
|  13|0x0000000705a00000, 0x0000000705c00000, 0x0000000705c00000|100%| O|  |TAMS 0x0000000705a00000| PB 0x0000000705a00000| Untracked 
|  14|0x0000000705c00000, 0x0000000705c00000, 0x0000000705e00000|  0%| F|  |TAMS 0x0000000705c00000| PB 0x0000000705c00000| Untracked 
|  15|0x0000000705e00000, 0x0000000706000000, 0x0000000706000000|100%| O|  |TAMS 0x0000000705e00000| PB 0x0000000705e00000| Untracked 
|  16|0x0000000706000000, 0x0000000706200000, 0x0000000706200000|100%| O|  |TAMS 0x0000000706000000| PB 0x0000000706000000| Untracked 
|  17|0x0000000706200000, 0x0000000706400000, 0x0000000706400000|100%| O|  |TAMS 0x0000000706200000| PB 0x0000000706200000| Untracked 
|  18|0x0000000706400000, 0x0000000706600000, 0x0000000706600000|100%| O|  |TAMS 0x0000000706400000| PB 0x0000000706400000| Untracked 
|  19|0x0000000706600000, 0x00000007066388c0, 0x0000000706800000| 11%| O|  |TAMS 0x0000000706600000| PB 0x0000000706600000| Untracked 
|  20|0x0000000706800000, 0x0000000706a00000, 0x0000000706a00000|100%| O|  |TAMS 0x0000000706800000| PB 0x0000000706800000| Untracked 
|  21|0x0000000706a00000, 0x0000000706c00000, 0x0000000706c00000|100%| O|  |TAMS 0x0000000706a00000| PB 0x0000000706a00000| Untracked 
|  22|0x0000000706c00000, 0x0000000706c00000, 0x0000000706e00000|  0%| F|  |TAMS 0x0000000706c00000| PB 0x0000000706c00000| Untracked 
|  23|0x0000000706e00000, 0x0000000706e52518, 0x0000000707000000| 16%| S|  |TAMS 0x0000000706e00000| PB 0x0000000706e00000| Complete 
|  24|0x0000000707000000, 0x0000000707200000, 0x0000000707200000|100%| S|  |TAMS 0x0000000707000000| PB 0x0000000707000000| Complete 
|  25|0x0000000707200000, 0x0000000707200000, 0x0000000707400000|  0%| F|  |TAMS 0x0000000707200000| PB 0x0000000707200000| Untracked 
|  26|0x0000000707400000, 0x0000000707400000, 0x0000000707600000|  0%| F|  |TAMS 0x0000000707400000| PB 0x0000000707400000| Untracked 
|  27|0x0000000707600000, 0x0000000707600000, 0x0000000707800000|  0%| F|  |TAMS 0x0000000707600000| PB 0x0000000707600000| Untracked 
|  28|0x0000000707800000, 0x0000000707800000, 0x0000000707a00000|  0%| F|  |TAMS 0x0000000707800000| PB 0x0000000707800000| Untracked 
|  29|0x0000000707a00000, 0x0000000707a00000, 0x0000000707c00000|  0%| F|  |TAMS 0x0000000707a00000| PB 0x0000000707a00000| Untracked 
|  30|0x0000000707c00000, 0x0000000707c00000, 0x0000000707e00000|  0%| F|  |TAMS 0x0000000707c00000| PB 0x0000000707c00000| Untracked 
|  31|0x0000000707e00000, 0x0000000707e00000, 0x0000000708000000|  0%| F|  |TAMS 0x0000000707e00000| PB 0x0000000707e00000| Untracked 
|  32|0x0000000708000000, 0x0000000708000000, 0x0000000708200000|  0%| F|  |TAMS 0x0000000708000000| PB 0x0000000708000000| Untracked 
|  33|0x0000000708200000, 0x0000000708200000, 0x0000000708400000|  0%| F|  |TAMS 0x0000000708200000| PB 0x0000000708200000| Untracked 
|  34|0x0000000708400000, 0x0000000708400000, 0x0000000708600000|  0%| F|  |TAMS 0x0000000708400000| PB 0x0000000708400000| Untracked 
|  35|0x0000000708600000, 0x0000000708600000, 0x0000000708800000|  0%| F|  |TAMS 0x0000000708600000| PB 0x0000000708600000| Untracked 
|  36|0x0000000708800000, 0x0000000708800000, 0x0000000708a00000|  0%| F|  |TAMS 0x0000000708800000| PB 0x0000000708800000| Untracked 
|  37|0x0000000708a00000, 0x0000000708a00000, 0x0000000708c00000|  0%| F|  |TAMS 0x0000000708a00000| PB 0x0000000708a00000| Untracked 
|  38|0x0000000708c00000, 0x0000000708c00000, 0x0000000708e00000|  0%| F|  |TAMS 0x0000000708c00000| PB 0x0000000708c00000| Untracked 
|  39|0x0000000708e00000, 0x0000000708e00000, 0x0000000709000000|  0%| F|  |TAMS 0x0000000708e00000| PB 0x0000000708e00000| Untracked 
|  65|0x000000070c200000, 0x000000070c25a600, 0x000000070c400000| 17%| E|  |TAMS 0x000000070c200000| PB 0x000000070c200000| Complete 
|  66|0x000000070c400000, 0x000000070c600000, 0x000000070c600000|100%| E|  |TAMS 0x000000070c400000| PB 0x000000070c400000| Complete 
|  67|0x000000070c600000, 0x000000070c800000, 0x000000070c800000|100%| E|  |TAMS 0x000000070c600000| PB 0x000000070c600000| Complete 
| 125|0x0000000713a00000, 0x0000000713c00000, 0x0000000713c00000|100%| E|  |TAMS 0x0000000713a00000| PB 0x0000000713a00000| Complete 

Card table byte_map: [0x00000248b1f30000,0x00000248b2710000] _byte_map_base: 0x00000248ae710000

Marking Bits: (CMBitMap*) 0x00000248a6248810
 Bits: [0x00000248b2710000, 0x00000248b6610000)

Polling page: 0x00000248a5990000

Metaspace:

Usage:
  Non-class:     68.86 MB used.
      Class:     11.64 MB used.
       Both:     80.49 MB used.

Virtual space:
  Non-class space:      128.00 MB reserved,      69.19 MB ( 54%) committed,  2 nodes.
      Class space:        1.00 GB reserved,      11.94 MB (  1%) committed,  1 nodes.
             Both:        1.12 GB reserved,      81.12 MB (  7%) committed. 

Chunk freelists:
   Non-Class:  9.88 MB
       Class:  3.91 MB
        Both:  13.78 MB

MaxMetaspaceSize: unlimited
CompressedClassSpaceSize: 1.00 GB
Initial GC threshold: 21.00 MB
Current GC threshold: 134.94 MB
CDS: on
 - commit_granule_bytes: 65536.
 - commit_granule_words: 8192.
 - virtual_space_node_default_size: 8388608.
 - enlarge_chunks_in_place: 1.
 - use_allocation_guard: 0.


Internal statistics:

num_allocs_failed_limit: 9.
num_arena_births: 1238.
num_arena_deaths: 406.
num_vsnodes_births: 3.
num_vsnodes_deaths: 0.
num_space_committed: 1298.
num_space_uncommitted: 0.
num_chunks_returned_to_freelist: 489.
num_chunks_taken_from_freelist: 4422.
num_chunk_merges: 123.
num_chunk_splits: 2936.
num_chunks_enlarged: 2217.
num_inconsistent_stats: 0.

CodeCache: size=49152Kb used=17299Kb max_used=18694Kb free=31852Kb
 bounds [0x00000248ae640000, 0x00000248af960000, 0x00000248b1640000]
 total_blobs=10530 nmethods=9766 adapters=687
 compilation: enabled
              stopped_count=0, restarted_count=0
 full_count=0

Compilation events (20 events):
Event: 3893.402 Thread 0x00000248b90ff060 nmethod 10897 0x00000248aefcb490 code [0x00000248aefcb640, 0x00000248aefcb730]
Event: 3893.402 Thread 0x00000248b90ff060 10898       1       java.util.concurrent.atomic.AtomicInteger::getAndIncrement (12 bytes)
Event: 3893.402 Thread 0x00000248b90ff060 nmethod 10898 0x00000248aefcb010 code [0x00000248aefcb1a0, 0x00000248aefcb278]
Event: 3893.404 Thread 0x00000248b90ff060 10899       1       sun.security.ssl.SSLSocketImpl::isClosed (5 bytes)
Event: 3893.404 Thread 0x00000248b90ff060 nmethod 10899 0x00000248aeb19090 code [0x00000248aeb19220, 0x00000248aeb192f0]
Event: 3893.406 Thread 0x00000248b90ff060 10900       1       com.mysql.cj.conf.AbstractRuntimeProperty::setValue (7 bytes)
Event: 3893.406 Thread 0x00000248b90ff060 nmethod 10900 0x00000248aeb18d10 code [0x00000248aeb18ec0, 0x00000248aeb18fb0]
Event: 3893.406 Thread 0x00000248b90ff060 10901       1       com.mysql.cj.conf.AbstractRuntimeProperty::setValue (80 bytes)
Event: 3893.407 Thread 0x00000248b90ff060 nmethod 10901 0x00000248aeb18190 code [0x00000248aeb183e0, 0x00000248aeb189b8]
Event: 3893.407 Thread 0x00000248b90ff060 10904   !   1       com.mysql.cj.jdbc.ConnectionImpl::isClosed (18 bytes)
Event: 3893.407 Thread 0x00000248b90ff060 nmethod 10904 0x00000248aeb17d90 code [0x00000248aeb17f40, 0x00000248aeb18070]
Event: 3893.407 Thread 0x00000248b90ff060 10902       1       com.mysql.cj.conf.AbstractRuntimeProperty::setValueInternal (30 bytes)
Event: 3893.408 Thread 0x00000248b90ff060 nmethod 10902 0x00000248aeb17910 code [0x00000248aeb17ac0, 0x00000248aeb17c78]
Event: 3893.408 Thread 0x00000248b90ff060 10903       1       com.mysql.cj.conf.AbstractRuntimeProperty::invokeListeners (73 bytes)
Event: 3893.408 Thread 0x00000248b90ff060 nmethod 10903 0x00000248aeb17210 code [0x00000248aeb17400, 0x00000248aeb17700]
Event: 3893.408 Thread 0x00000248b90ff060 10905       1       ch.qos.logback.core.encoder.LayoutWrappingEncoder::convertToBytes (21 bytes)
Event: 3893.408 Thread 0x00000248b90ff060 nmethod 10905 0x00000248aeb16c90 code [0x00000248aeb16e60, 0x00000248aeb17098]
Event: 3893.408 Thread 0x00000248b90ff060 10906   !   1       ch.qos.logback.core.OutputStreamAppender::writeBytes (55 bytes)
Event: 3893.409 Thread 0x00000248b90ff060 nmethod 10906 0x00000248af631390 code [0x00000248af6315c0, 0x00000248af631a00]
Event: 3893.418 Thread 0x00000248b90ff060 10907  s    1       org.apache.catalina.util.LifecycleBase::setStateInternal (144 bytes)

GC Heap History (20 events):
Event: 7.646 GC heap after
{Heap after GC invocations=16 (full 0):
 garbage-first heap   total 90112K, used 37453K [0x0000000704000000, 0x0000000800000000)
  region size 2048K, 2 young (4096K), 2 survivors (4096K)
 Metaspace       used 73384K, committed 74112K, reserved 1114112K
  class space    used 10573K, committed 10880K, reserved 1048576K
}
Event: 8.151 GC heap before
{Heap before GC invocations=16 (full 0):
 garbage-first heap   total 90112K, used 78413K [0x0000000704000000, 0x0000000800000000)
  region size 2048K, 22 young (45056K), 2 survivors (4096K)
 Metaspace       used 76210K, committed 76992K, reserved 1179648K
  class space    used 10965K, committed 11328K, reserved 1048576K
}
Event: 8.158 GC heap after
{Heap after GC invocations=17 (full 0):
 garbage-first heap   total 90112K, used 40767K [0x0000000704000000, 0x0000000800000000)
  region size 2048K, 2 young (4096K), 2 survivors (4096K)
 Metaspace       used 76210K, committed 76992K, reserved 1179648K
  class space    used 10965K, committed 11328K, reserved 1048576K
}
Event: 313.302 GC heap before
{Heap before GC invocations=18 (full 0):
 garbage-first heap   total 90112K, used 77631K [0x0000000704000000, 0x0000000800000000)
  region size 2048K, 21 young (43008K), 2 survivors (4096K)
 Metaspace       used 78649K, committed 79424K, reserved 1179648K
  class space    used 11366K, committed 11712K, reserved 1048576K
}
Event: 313.308 GC heap after
{Heap after GC invocations=19 (full 0):
 garbage-first heap   total 90112K, used 42245K [0x0000000704000000, 0x0000000800000000)
  region size 2048K, 1 young (2048K), 1 survivors (2048K)
 Metaspace       used 78649K, committed 79424K, reserved 1179648K
  class space    used 11366K, committed 11712K, reserved 1048576K
}
Event: 729.026 GC heap before
{Heap before GC invocations=19 (full 0):
 garbage-first heap   total 90112K, used 81157K [0x0000000704000000, 0x0000000800000000)
  region size 2048K, 20 young (40960K), 1 survivors (2048K)
 Metaspace       used 81236K, committed 82112K, reserved 1179648K
  class space    used 11718K, committed 12096K, reserved 1048576K
}
Event: 729.041 GC heap after
{Heap after GC invocations=20 (full 0):
 garbage-first heap   total 90112K, used 42968K [0x0000000704000000, 0x0000000800000000)
  region size 2048K, 2 young (4096K), 2 survivors (4096K)
 Metaspace       used 81236K, committed 82112K, reserved 1179648K
  class space    used 11718K, committed 12096K, reserved 1048576K
}
Event: 1153.702 GC heap before
{Heap before GC invocations=20 (full 0):
 garbage-first heap   total 90112K, used 77784K [0x0000000704000000, 0x0000000800000000)
  region size 2048K, 19 young (38912K), 2 survivors (4096K)
 Metaspace       used 81246K, committed 82112K, reserved 1179648K
  class space    used 11720K, committed 12096K, reserved 1048576K
}
Event: 1153.713 GC heap after
{Heap after GC invocations=21 (full 0):
 garbage-first heap   total 90112K, used 42838K [0x0000000704000000, 0x0000000800000000)
  region size 2048K, 2 young (4096K), 2 survivors (4096K)
 Metaspace       used 81246K, committed 82112K, reserved 1179648K
  class space    used 11720K, committed 12096K, reserved 1048576K
}
Event: 1714.766 GC heap before
{Heap before GC invocations=22 (full 0):
 garbage-first heap   total 90112K, used 77654K [0x0000000704000000, 0x0000000800000000)
  region size 2048K, 19 young (38912K), 2 survivors (4096K)
 Metaspace       used 80859K, committed 82112K, reserved 1179648K
  class space    used 11621K, committed 12096K, reserved 1048576K
}
Event: 1714.780 GC heap after
{Heap after GC invocations=23 (full 0):
 garbage-first heap   total 90112K, used 42965K [0x0000000704000000, 0x0000000800000000)
  region size 2048K, 2 young (4096K), 2 survivors (4096K)
 Metaspace       used 80859K, committed 82112K, reserved 1179648K
  class space    used 11621K, committed 12096K, reserved 1048576K
}
Event: 2171.338 GC heap before
{Heap before GC invocations=23 (full 0):
 garbage-first heap   total 90112K, used 75733K [0x0000000704000000, 0x0000000800000000)
  region size 2048K, 19 young (38912K), 2 survivors (4096K)
 Metaspace       used 81633K, committed 82304K, reserved 1179648K
  class space    used 11747K, committed 12096K, reserved 1048576K
}
Event: 2171.354 GC heap after
{Heap after GC invocations=24 (full 0):
 garbage-first heap   total 90112K, used 42285K [0x0000000704000000, 0x0000000800000000)
  region size 2048K, 2 young (4096K), 2 survivors (4096K)
 Metaspace       used 81633K, committed 82304K, reserved 1179648K
  class space    used 11747K, committed 12096K, reserved 1048576K
}
Event: 2675.172 GC heap before
{Heap before GC invocations=24 (full 0):
 garbage-first heap   total 90112K, used 77101K [0x0000000704000000, 0x0000000800000000)
  region size 2048K, 19 young (38912K), 2 survivors (4096K)
 Metaspace       used 82206K, committed 82880K, reserved 1179648K
  class space    used 11856K, committed 12160K, reserved 1048576K
}
Event: 2675.190 GC heap after
{Heap after GC invocations=25 (full 0):
 garbage-first heap   total 90112K, used 43228K [0x0000000704000000, 0x0000000800000000)
  region size 2048K, 2 young (4096K), 2 survivors (4096K)
 Metaspace       used 82206K, committed 82880K, reserved 1179648K
  class space    used 11856K, committed 12160K, reserved 1048576K
}
Event: 3283.713 GC heap before
{Heap before GC invocations=26 (full 0):
 garbage-first heap   total 90112K, used 75996K [0x0000000704000000, 0x0000000800000000)
  region size 2048K, 19 young (38912K), 2 survivors (4096K)
 Metaspace       used 82206K, committed 82880K, reserved 1179648K
  class space    used 11856K, committed 12160K, reserved 1048576K
}
Event: 3283.726 GC heap after
{Heap after GC invocations=27 (full 0):
 garbage-first heap   total 90112K, used 42413K [0x0000000704000000, 0x0000000800000000)
  region size 2048K, 2 young (4096K), 2 survivors (4096K)
 Metaspace       used 82206K, committed 82880K, reserved 1179648K
  class space    used 11856K, committed 12160K, reserved 1048576K
}
Event: 3821.310 GC heap before
{Heap before GC invocations=27 (full 0):
 garbage-first heap   total 90112K, used 77229K [0x0000000704000000, 0x0000000800000000)
  region size 2048K, 19 young (38912K), 2 survivors (4096K)
 Metaspace       used 82209K, committed 82880K, reserved 1179648K
  class space    used 11857K, committed 12160K, reserved 1048576K
}
Event: 3821.325 GC heap after
{Heap after GC invocations=28 (full 0):
 garbage-first heap   total 90112K, used 41515K [0x0000000704000000, 0x0000000800000000)
  region size 2048K, 2 young (4096K), 2 survivors (4096K)
 Metaspace       used 82209K, committed 82880K, reserved 1179648K
  class space    used 11857K, committed 12160K, reserved 1048576K
}
Event: 3893.419 GC heap before
{Heap before GC invocations=28 (full 0):
 garbage-first heap   total 90112K, used 47659K [0x0000000704000000, 0x0000000800000000)
  region size 2048K, 6 young (12288K), 2 survivors (4096K)
 Metaspace       used 82426K, committed 83072K, reserved 1179648K
  class space    used 11915K, committed 12224K, reserved 1048576K
}

Dll operation events (10 events):
Event: 0.006 Loaded shared library C:\Program Files\Java\jdk-21\bin\java.dll
Event: 0.141 Loaded shared library C:\Program Files\Java\jdk-21\bin\jimage.dll
Event: 0.148 Loaded shared library C:\Program Files\Java\jdk-21\bin\net.dll
Event: 0.150 Loaded shared library C:\Program Files\Java\jdk-21\bin\nio.dll
Event: 0.153 Loaded shared library C:\Program Files\Java\jdk-21\bin\zip.dll
Event: 0.251 Loaded shared library C:\Program Files\Java\jdk-21\bin\management.dll
Event: 0.260 Loaded shared library C:\Program Files\Java\jdk-21\bin\management_ext.dll
Event: 0.475 Loaded shared library C:\Program Files\Java\jdk-21\bin\extnet.dll
Event: 1.613 Loaded shared library C:\Program Files\Java\jdk-21\bin\sunmscapi.dll
Event: 3.682 Loaded shared library C:\Program Files\Java\jdk-21\bin\verify.dll

Deoptimization events (4 events):
Event: 6.871 Thread 0x00000248b9b0e4e0 DEOPT PACKING pc=0x00000248aecce1c4 sp=0x0000005842afc300
Event: 6.871 Thread 0x00000248b9b0e4e0 DEOPT UNPACKING pc=0x00000248ae6988e2 sp=0x0000005842afb858 mode 0
Event: 7.726 Thread 0x00000248b9b0e4e0 DEOPT PACKING pc=0x00000248aeceaa81 sp=0x0000005842afc4c0
Event: 7.726 Thread 0x00000248b9b0e4e0 DEOPT UNPACKING pc=0x00000248ae6988e2 sp=0x0000005842afb9c8 mode 3

Classes loaded (20 events):
Event: 1761.277 Loading class sun/security/ssl/Alert$AlertConsumer
Event: 1761.278 Loading class sun/security/ssl/Alert$AlertConsumer done
Event: 1761.278 Loading class sun/security/ssl/Alert$Level
Event: 1761.278 Loading class sun/security/ssl/Alert$Level done
Event: 1761.280 Loading class sun/net/ConnectionResetException
Event: 1761.281 Loading class sun/net/ConnectionResetException done
Event: 2171.171 Loading class java/io/PushbackInputStream
Event: 2171.172 Loading class java/io/PushbackInputStream done
Event: 2171.308 Loading class java/text/ParsePosition
Event: 2171.310 Loading class java/text/ParsePosition done
Event: 2171.310 Loading class java/time/format/DateTimeParseContext
Event: 2171.311 Loading class java/time/format/DateTimeParseContext done
Event: 2171.311 Loading class java/time/format/Parsed
Event: 2171.312 Loading class java/time/format/Parsed done
Event: 3893.380 Loading class java/util/concurrent/locks/AbstractQueuedSynchronizer$SharedNode
Event: 3893.382 Loading class java/util/concurrent/locks/AbstractQueuedSynchronizer$SharedNode done
Event: 3893.398 Loading class java/util/AbstractMap$2
Event: 3893.398 Loading class java/util/AbstractMap$2 done
Event: 3893.399 Loading class java/util/AbstractMap$2$1
Event: 3893.399 Loading class java/util/AbstractMap$2$1 done

Classes unloaded (20 events):
Event: 3893.438 Thread 0x00000248b90c3570 Unloading class 0x00000248bbb28000 'jdk/internal/reflect/GeneratedSerializationConstructorAccessor25'
Event: 3893.438 Thread 0x00000248b90c3570 Unloading class 0x00000248bbb1e000 'jdk/internal/reflect/GeneratedSerializationConstructorAccessor24'
Event: 3893.438 Thread 0x00000248b90c3570 Unloading class 0x00000248bbb1d800 'java/lang/invoke/LambdaForm$MH+0x00000248bbb1d800'
Event: 3893.438 Thread 0x00000248b90c3570 Unloading class 0x00000248bb968800 'java/lang/invoke/LambdaForm$MH+0x00000248bb968800'
Event: 3893.438 Thread 0x00000248b90c3570 Unloading class 0x00000248bb4a4000 'java/lang/invoke/LambdaForm$MH+0x00000248bb4a4000'
Event: 3893.438 Thread 0x00000248b90c3570 Unloading class 0x00000248bb4a3c00 'java/lang/invoke/LambdaForm$MH+0x00000248bb4a3c00'
Event: 3893.438 Thread 0x00000248b90c3570 Unloading class 0x00000248bb4a3800 'java/lang/invoke/LambdaForm$MH+0x00000248bb4a3800'
Event: 3893.438 Thread 0x00000248b90c3570 Unloading class 0x00000248bb4a3400 'java/lang/invoke/LambdaForm$MH+0x00000248bb4a3400'
Event: 3893.438 Thread 0x00000248b90c3570 Unloading class 0x00000248bb4a3000 'java/lang/invoke/LambdaForm$MH+0x00000248bb4a3000'
Event: 3893.438 Thread 0x00000248b90c3570 Unloading class 0x00000248bb4a2800 'java/lang/invoke/LambdaForm$MH+0x00000248bb4a2800'
Event: 3893.438 Thread 0x00000248b90c3570 Unloading class 0x00000248bb4a1c00 'java/lang/invoke/LambdaForm$MH+0x00000248bb4a1c00'
Event: 3893.438 Thread 0x00000248b90c3570 Unloading class 0x00000248bb4a1000 'java/lang/invoke/LambdaForm$DMH+0x00000248bb4a1000'
Event: 3893.438 Thread 0x00000248b90c3570 Unloading class 0x00000248bb4a0c00 'java/lang/invoke/LambdaForm$MH+0x00000248bb4a0c00'
Event: 3893.438 Thread 0x00000248b90c3570 Unloading class 0x00000248bb4a0800 'java/lang/invoke/LambdaForm$MH+0x00000248bb4a0800'
Event: 3893.438 Thread 0x00000248b90c3570 Unloading class 0x00000248bb4a0400 'java/lang/invoke/LambdaForm$MH+0x00000248bb4a0400'
Event: 3893.438 Thread 0x00000248b90c3570 Unloading class 0x00000248bb4a0000 'java/lang/invoke/LambdaForm$MH+0x00000248bb4a0000'
Event: 3893.438 Thread 0x00000248b90c3570 Unloading class 0x00000248bb485400 'java/lang/invoke/LambdaForm$MH+0x00000248bb485400'
Event: 3893.438 Thread 0x00000248b90c3570 Unloading class 0x00000248bb484400 'java/lang/invoke/LambdaForm$DMH+0x00000248bb484400'
Event: 3893.438 Thread 0x00000248b90c3570 Unloading class 0x00000248bb3f1c00 'java/lang/invoke/LambdaForm$MH+0x00000248bb3f1c00'
Event: 3893.438 Thread 0x00000248b90c3570 Unloading class 0x00000248bb11d000 'java/lang/invoke/LambdaForm$MH+0x00000248bb11d000'

Classes redefined (0 events):
No events

Internal exceptions (20 events):
Event: 1208.840 Thread 0x00000248b90f8850 Exception <a 'java/lang/NoSuchMethodError'{0x000000070c7b18f0}: static [B.<clinit>()V> (0x000000070c7b18f0) 
thrown [s\open\src\hotspot\share\prims\jni.cpp, line 1111]
Event: 1761.279 Thread 0x00000248b9b0e4e0 Exception <a 'java/io/IOException'{0x000000070c6e3d18}> (0x000000070c6e3d18) 
thrown [s\open\src\hotspot\share\prims\jni.cpp, line 520]
Event: 1761.279 Thread 0x00000248b9b0e4e0 Exception <a 'java/io/IOException'{0x000000070c6e5118}> (0x000000070c6e5118) 
thrown [s\open\src\hotspot\share\prims\jni.cpp, line 520]
Event: 1770.682 Thread 0x00000248b9b0eb70 Exception <a 'java/io/IOException'{0x000000070c472130}> (0x000000070c472130) 
thrown [s\open\src\hotspot\share\prims\jni.cpp, line 520]
Event: 1770.682 Thread 0x00000248b9b0eb70 Exception <a 'java/io/IOException'{0x000000070c472d50}> (0x000000070c472d50) 
thrown [s\open\src\hotspot\share\prims\jni.cpp, line 520]
Event: 1789.004 Thread 0x00000248b9b0d130 Exception <a 'java/io/IOException'{0x000000070c272948}> (0x000000070c272948) 
thrown [s\open\src\hotspot\share\prims\jni.cpp, line 520]
Event: 1789.004 Thread 0x00000248b9b0d130 Exception <a 'java/io/IOException'{0x000000070c273568}> (0x000000070c273568) 
thrown [s\open\src\hotspot\share\prims\jni.cpp, line 520]
Event: 1801.762 Thread 0x00000248b9b0d130 Exception <a 'java/io/IOException'{0x0000000708e072a0}> (0x0000000708e072a0) 
thrown [s\open\src\hotspot\share\prims\jni.cpp, line 520]
Event: 1803.178 Thread 0x00000248b9b0d130 Exception <a 'java/io/IOException'{0x0000000708e0a530}> (0x0000000708e0a530) 
thrown [s\open\src\hotspot\share\prims\jni.cpp, line 520]
Event: 1803.178 Thread 0x00000248b9b0d130 Exception <a 'java/io/IOException'{0x0000000708e0b150}> (0x0000000708e0b150) 
thrown [s\open\src\hotspot\share\prims\jni.cpp, line 520]
Event: 2171.435 Thread 0x0000024882144710 Exception <a 'java/lang/NoSuchMethodError'{0x0000000713be9f98}: 'void java.lang.invoke.DirectMethodHandle$Holder.invokeSpecial(java.lang.Object, java.lang.Object, java.lang.Object, java.lang.Object, java.lang.Object, java.lang.Object, java.lang.Object, java.lang.Object, java.lang.Object)'> (0x0000000713be9f98) 
thrown [s\open\src\hotspot\share\interpreter\linkResolver.cpp, line 773]
Event: 2171.442 Thread 0x0000024882144710 Exception <a 'java/lang/NoSuchMethodError'{0x000000070c6061b8}: 'int java.lang.invoke.DirectMethodHandle$Holder.invokeStatic(java.lang.Object, java.lang.Object, int, int)'> (0x000000070c6061b8) 
thrown [s\open\src\hotspot\share\interpreter\linkResolver.cpp, line 773]
Event: 3562.103 Thread 0x00000248b9b0d130 Exception <a 'java/net/SocketException'{0x0000000708605468}: Connection reset by peer: shutdown> (0x0000000708605468) 
thrown [s\open\src\hotspot\share\prims\jni.cpp, line 539]
Event: 3893.403 Thread 0x00000248b9b0e4e0 Exception <a 'java/net/SocketException'{0x000000070c5ec450}: Connection reset by peer: shutdown> (0x000000070c5ec450) 
thrown [s\open\src\hotspot\share\prims\jni.cpp, line 539]
Event: 3893.405 Thread 0x00000248b9b0e4e0 Exception <a 'java/io/IOException'{0x000000070c5f0f38}> (0x000000070c5f0f38) 
thrown [s\open\src\hotspot\share\prims\jni.cpp, line 520]
Event: 3893.405 Thread 0x00000248b9b0e4e0 Exception <a 'java/io/IOException'{0x000000070c5f1e38}> (0x000000070c5f1e38) 
thrown [s\open\src\hotspot\share\prims\jni.cpp, line 520]
Event: 3893.405 Thread 0x00000248b9b0e4e0 Exception <a 'java/net/SocketException'{0x000000070c5f3dc0}: Connection reset by peer: shutdown> (0x000000070c5f3dc0) 
thrown [s\open\src\hotspot\share\prims\jni.cpp, line 539]
Event: 3893.407 Thread 0x00000248b9b0e4e0 Exception <a 'java/io/IOException'{0x000000070c5f88e8}> (0x000000070c5f88e8) 
thrown [s\open\src\hotspot\share\prims\jni.cpp, line 520]
Event: 3893.407 Thread 0x00000248b9b0e4e0 Exception <a 'java/io/IOException'{0x000000070c5f9508}> (0x000000070c5f9508) 
thrown [s\open\src\hotspot\share\prims\jni.cpp, line 520]
Event: 3893.418 Thread 0x00000248b9b0f200 Exception <a 'java/lang/InterruptedException'{0x000000070c24d338}: sleep interrupted> (0x000000070c24d338) 
thrown [s\open\src\hotspot\share\prims\jvm.cpp, line 3074]

ZGC Phase Switch (0 events):
No events

VM Operations (20 events):
Event: 2675.191 Executing VM operation: G1CollectForAllocation (G1 Evacuation Pause) done
Event: 2675.231 Executing VM operation: G1PauseRemark
Event: 2675.237 Executing VM operation: G1PauseRemark done
Event: 2675.252 Executing VM operation: G1PauseCleanup
Event: 2675.252 Executing VM operation: G1PauseCleanup done
Event: 3283.713 Executing VM operation: G1CollectForAllocation (G1 Evacuation Pause)
Event: 3283.726 Executing VM operation: G1CollectForAllocation (G1 Evacuation Pause) done
Event: 3523.922 Executing VM operation: Cleanup
Event: 3523.922 Executing VM operation: Cleanup done
Event: 3542.081 Executing VM operation: Cleanup
Event: 3542.081 Executing VM operation: Cleanup done
Event: 3557.203 Executing VM operation: Cleanup
Event: 3557.203 Executing VM operation: Cleanup done
Event: 3564.253 Executing VM operation: Cleanup
Event: 3564.253 Executing VM operation: Cleanup done
Event: 3573.354 Executing VM operation: Cleanup
Event: 3573.354 Executing VM operation: Cleanup done
Event: 3821.310 Executing VM operation: G1CollectForAllocation (G1 Evacuation Pause)
Event: 3821.325 Executing VM operation: G1CollectForAllocation (G1 Evacuation Pause) done
Event: 3893.419 Executing VM operation: G1CollectFull (System.gc())

Events (20 events):
Event: 3893.368 Thread 0x00000248b9b0d130 Thread added: 0x00000248b9b0d130
Event: 3893.368 Thread 0x0000024882145430 Thread exited: 0x0000024882145430
Event: 3893.380 Thread 0x00000248821467e0 Thread exited: 0x00000248821467e0
Event: 3893.381 Thread 0x000002488213f1c0 Thread exited: 0x000002488213f1c0
Event: 3893.382 Thread 0x0000024882141920 Thread exited: 0x0000024882141920
Event: 3893.382 Thread 0x0000024882141fb0 Thread exited: 0x0000024882141fb0
Event: 3893.382 Thread 0x0000024882143360 Thread exited: 0x0000024882143360
Event: 3893.382 Thread 0x0000024882144da0 Thread exited: 0x0000024882144da0
Event: 3893.382 Thread 0x0000024882140c00 Thread exited: 0x0000024882140c00
Event: 3893.382 Thread 0x00000248821439f0 Thread exited: 0x00000248821439f0
Event: 3893.382 Thread 0x0000024882146150 Thread exited: 0x0000024882146150
Event: 3893.383 Thread 0x0000024882141290 Thread exited: 0x0000024882141290
Event: 3893.383 Thread 0x0000024882144710 Thread exited: 0x0000024882144710
Event: 3893.383 Thread 0x0000024882142640 Thread exited: 0x0000024882142640
Event: 3893.402 Thread 0x00000248b9b0e4e0 Thread added: 0x00000248b9b0e4e0
Event: 3893.403 Thread 0x00000248b9b0d7c0 Thread exited: 0x00000248b9b0d7c0
Event: 3893.407 Thread 0x00000248b9b0e4e0 Thread exited: 0x00000248b9b0e4e0
Event: 3893.418 Thread 0x00000248b9b0bd80 Thread exited: 0x00000248b9b0bd80
Event: 3893.418 Thread 0x00000248b9b0caa0 Thread exited: 0x00000248b9b0caa0
Event: 3893.418 Thread 0x00000248b9b0f200 Thread exited: 0x00000248b9b0f200


Dynamic libraries:
0x00007ff751fc0000 - 0x00007ff751fd0000 	C:\Program Files\Java\jdk-21\bin\javaw.exe
0x00007ffb62370000 - 0x00007ffb62587000 	C:\WINDOWS\SYSTEM32\ntdll.dll
0x00007ffb61090000 - 0x00007ffb61154000 	C:\WINDOWS\System32\KERNEL32.DLL
0x00007ffb5fca0000 - 0x00007ffb60059000 	C:\WINDOWS\System32\KERNELBASE.dll
0x00007ffb5f980000 - 0x00007ffb5fa91000 	C:\WINDOWS\System32\ucrtbase.dll
0x00007ffb46da0000 - 0x00007ffb46dbb000 	C:\Program Files\Java\jdk-21\bin\VCRUNTIME140.dll
0x00007ffb46220000 - 0x00007ffb46239000 	C:\Program Files\Java\jdk-21\bin\jli.dll
0x00007ffb60d60000 - 0x00007ffb60e12000 	C:\WINDOWS\System32\ADVAPI32.dll
0x00007ffb61fd0000 - 0x00007ffb62077000 	C:\WINDOWS\System32\msvcrt.dll
0x00007ffb61c60000 - 0x00007ffb61d07000 	C:\WINDOWS\System32\sechost.dll
0x00007ffb5faa0000 - 0x00007ffb5fac8000 	C:\WINDOWS\System32\bcrypt.dll
0x00007ffb62090000 - 0x00007ffb621a4000 	C:\WINDOWS\System32\RPCRT4.dll
0x00007ffb602e0000 - 0x00007ffb6048e000 	C:\WINDOWS\System32\USER32.dll
0x00007ffb60060000 - 0x00007ffb60086000 	C:\WINDOWS\System32\win32u.dll
0x00007ffb60ea0000 - 0x00007ffb60ec9000 	C:\WINDOWS\System32\GDI32.dll
0x00007ffb5f6f0000 - 0x00007ffb5f80b000 	C:\WINDOWS\System32\gdi32full.dll
0x00007ffb5eb30000 - 0x00007ffb5edc2000 	C:\WINDOWS\WinSxS\amd64_microsoft.windows.common-controls_6595b64144ccf1df_6.0.22621.4391_none_2715d37f73803e96\COMCTL32.dll
0x00007ffb5fc00000 - 0x00007ffb5fc9a000 	C:\WINDOWS\System32\msvcp_win.dll
0x00007ffb5e740000 - 0x00007ffb5e74a000 	C:\WINDOWS\SYSTEM32\VERSION.dll
0x00007ffb61d10000 - 0x00007ffb61d41000 	C:\WINDOWS\System32\IMM32.DLL
0x00007ffb4bf90000 - 0x00007ffb4bf9c000 	C:\Program Files\Java\jdk-21\bin\vcruntime140_1.dll
0x00007ffb09e20000 - 0x00007ffb09eae000 	C:\Program Files\Java\jdk-21\bin\msvcp140.dll
0x00007ffad72d0000 - 0x00007ffad7fdd000 	C:\Program Files\Java\jdk-21\bin\server\jvm.dll
0x00007ffb61be0000 - 0x00007ffb61c51000 	C:\WINDOWS\System32\WS2_32.dll
0x00007ffb5f390000 - 0x00007ffb5f3dd000 	C:\WINDOWS\SYSTEM32\POWRPROF.dll
0x00007ffb5be80000 - 0x00007ffb5beb4000 	C:\WINDOWS\SYSTEM32\WINMM.dll
0x00007ffb5f370000 - 0x00007ffb5f383000 	C:\WINDOWS\SYSTEM32\UMPDC.dll
0x00007ffb5d740000 - 0x00007ffb5d758000 	C:\WINDOWS\SYSTEM32\kernel.appcore.dll
0x00007ffb4ab50000 - 0x00007ffb4ab5a000 	C:\Program Files\Java\jdk-21\bin\jimage.dll
0x00007ffb5ef50000 - 0x00007ffb5f182000 	C:\WINDOWS\SYSTEM32\DBGHELP.DLL
0x00007ffb61850000 - 0x00007ffb61bdf000 	C:\WINDOWS\System32\combase.dll
0x00007ffb61ef0000 - 0x00007ffb61fc7000 	C:\WINDOWS\System32\OLEAUT32.dll
0x00007ffb5ee40000 - 0x00007ffb5ee72000 	C:\WINDOWS\SYSTEM32\dbgcore.DLL
0x00007ffb5f670000 - 0x00007ffb5f6eb000 	C:\WINDOWS\System32\bcryptPrimitives.dll
0x00007ffb1bc10000 - 0x00007ffb1bc2f000 	C:\Program Files\Java\jdk-21\bin\java.dll
0x00007ffb604e0000 - 0x00007ffb60d56000 	C:\WINDOWS\System32\SHELL32.dll
0x00007ffb5c630000 - 0x00007ffb5cf33000 	C:\WINDOWS\SYSTEM32\windows.storage.dll
0x00007ffb5c4f0000 - 0x00007ffb5c62f000 	C:\WINDOWS\SYSTEM32\wintypes.dll
0x00007ffb61df0000 - 0x00007ffb61ee9000 	C:\WINDOWS\System32\SHCORE.dll
0x00007ffb61370000 - 0x00007ffb613ce000 	C:\WINDOWS\System32\shlwapi.dll
0x00007ffb5f5a0000 - 0x00007ffb5f5cb000 	C:\WINDOWS\SYSTEM32\profapi.dll
0x00007ffb491c0000 - 0x00007ffb491d0000 	C:\Program Files\Java\jdk-21\bin\net.dll
0x00007ffb54b30000 - 0x00007ffb54c66000 	C:\WINDOWS\SYSTEM32\WINHTTP.dll
0x00007ffb5db60000 - 0x00007ffb5dbc9000 	C:\WINDOWS\system32\mswsock.dll
0x00007ffb18b40000 - 0x00007ffb18b56000 	C:\Program Files\Java\jdk-21\bin\nio.dll
0x00007ffb18b20000 - 0x00007ffb18b38000 	C:\Program Files\Java\jdk-21\bin\zip.dll
0x00007ffb49100000 - 0x00007ffb4910a000 	C:\Program Files\Java\jdk-21\bin\management.dll
0x00007ffb490f0000 - 0x00007ffb490fb000 	C:\Program Files\Java\jdk-21\bin\management_ext.dll
0x00007ffb60110000 - 0x00007ffb60118000 	C:\WINDOWS\System32\PSAPI.DLL
0x00007ffb3c4a0000 - 0x00007ffb3c4b7000 	C:\WINDOWS\system32\napinsp.dll
0x00007ffb3c370000 - 0x00007ffb3c38b000 	C:\WINDOWS\system32\pnrpnsp.dll
0x00007ffb3c0d0000 - 0x00007ffb3c0f7000 	C:\WINDOWS\system32\nlansp_c.dll
0x00007ffb5d260000 - 0x00007ffb5d362000 	C:\WINDOWS\SYSTEM32\DNSAPI.dll
0x00007ffb5d1e0000 - 0x00007ffb5d20d000 	C:\WINDOWS\SYSTEM32\IPHLPAPI.DLL
0x00007ffb62080000 - 0x00007ffb62089000 	C:\WINDOWS\System32\NSI.dll
0x00007ffb3be20000 - 0x00007ffb3be31000 	C:\WINDOWS\System32\winrnr.dll
0x00007ffb532a0000 - 0x00007ffb532b5000 	C:\WINDOWS\system32\wshbth.dll
0x00007ffb4bdd0000 - 0x00007ffb4bdda000 	C:\Windows\System32\rasadhlp.dll
0x00007ffb4b7d0000 - 0x00007ffb4b853000 	C:\WINDOWS\System32\fwpuclnt.dll
0x00007ffb5f290000 - 0x00007ffb5f2ab000 	C:\WINDOWS\SYSTEM32\CRYPTSP.dll
0x00007ffb5d6a0000 - 0x00007ffb5d6d5000 	C:\WINDOWS\system32\rsaenh.dll
0x00007ffb5dc50000 - 0x00007ffb5dc78000 	C:\WINDOWS\SYSTEM32\USERENV.dll
0x00007ffb5e6a0000 - 0x00007ffb5e6ac000 	C:\WINDOWS\SYSTEM32\CRYPTBASE.dll
0x00007ffb490a0000 - 0x00007ffb490a9000 	C:\Program Files\Java\jdk-21\bin\extnet.dll
0x00007ffb57270000 - 0x00007ffb5727e000 	C:\Program Files\Java\jdk-21\bin\sunmscapi.dll
0x00007ffb5f810000 - 0x00007ffb5f976000 	C:\WINDOWS\System32\CRYPT32.dll
0x00007ffb5e830000 - 0x00007ffb5e85d000 	C:\WINDOWS\SYSTEM32\ncrypt.dll
0x00007ffb5e7f0000 - 0x00007ffb5e827000 	C:\WINDOWS\SYSTEM32\NTASN1.dll
0x00007ffb57300000 - 0x00007ffb57310000 	C:\Program Files\Java\jdk-21\bin\verify.dll
0x00007ffa9f4f0000 - 0x00007ffa9f4f8000 	C:\WINDOWS\system32\wshunix.dll

dbghelp: loaded successfully - version: 4.0.5 - missing functions: none
symbol engine: initialized successfully - sym options: 0x614 - pdb path: .;C:\Program Files\Java\jdk-21\bin;C:\WINDOWS\SYSTEM32;C:\WINDOWS\WinSxS\amd64_microsoft.windows.common-controls_6595b64144ccf1df_6.0.22621.4391_none_2715d37f73803e96;C:\Program Files\Java\jdk-21\bin\server

VM Arguments:
jvm_args: -Dcom.sun.management.jmxremote -Dcom.sun.management.jmxremote.port=63886 -Dcom.sun.management.jmxremote.authenticate=false -Dcom.sun.management.jmxremote.ssl=false -Djava.rmi.server.hostname=localhost -Dspring.jmx.enabled=true -Dmanagement.endpoints.jmx.exposure.include=* -Dspring.application.admin.enabled=true -XX:TieredStopAtLevel=1 -Dspring.boot.project.name=SlackToSurplus -Dfile.encoding=UTF-8 -Dstdout.encoding=UTF-8 -Dstderr.encoding=UTF-8 -XX:+ShowCodeDetailsInExceptionMessages 
java_command: com.klu.ss.SlackToSurplusApplication --spring.output.ansi.enabled=always
java_class_path (initial): D:\3rd\ODD\JFSD\PROJECT\SlackToSurplus\target\classes;C:\Users\murth\.m2\repository\org\springframework\boot\spring-boot-configuration-processor\3.3.5\spring-boot-configuration-processor-3.3.5.jar;C:\Users\murth\.m2\repository\org\springframework\boot\spring-boot-starter-mail\3.3.5\spring-boot-starter-mail-3.3.5.jar;C:\Users\murth\.m2\repository\org\springframework\boot\spring-boot-starter\3.3.5\spring-boot-starter-3.3.5.jar;C:\Users\murth\.m2\repository\org\springframework\boot\spring-boot-starter-logging\3.3.5\spring-boot-starter-logging-3.3.5.jar;C:\Users\murth\.m2\repository\ch\qos\logback\logback-classic\1.5.11\logback-classic-1.5.11.jar;C:\Users\murth\.m2\repository\ch\qos\logback\logback-core\1.5.11\logback-core-1.5.11.jar;C:\Users\murth\.m2\repository\org\apache\logging\log4j\log4j-to-slf4j\2.23.1\log4j-to-slf4j-2.23.1.jar;C:\Users\murth\.m2\repository\org\apache\logging\log4j\log4j-api\2.23.1\log4j-api-2.23.1.jar;C:\Users\murth\.m2\repository\org\slf4j\jul-to-slf4j\2.0.16\jul-to-slf4j-2.0.16.jar;C:\Users\murth\.m2\repository\jakarta\annotation\jakarta.annotation-api\2.1.1\jakarta.annotation-api-2.1.1.jar;C:\Users\murth\.m2\repository\org\yaml\snakeyaml\2.2\snakeyaml-2.2.jar;C:\Users\murth\.m2\repository\org\springframework\spring-context-support\6.1.14\spring-context-support-6.1.14.jar;C:\Users\murth\.m2\repository\org\springframework\spring-beans\6.1.14\spring-beans-6.1.14.jar;C:\Users\murth\.m2\repository\org\springframework\spring-context\6.1.14\spring-context-6.1.14.jar;C:\Users\murth\.m2\repository\org\eclipse\angus\jakarta.mail\2.0.3\jakarta.mail-2.0.3.jar;C:\Users\murth\.m2\repository\jakarta\activation\jakarta.activation-api\2.1.3\jakarta.activation-api-2.1.3.jar;C:\Users\murth\.m2\repository\org\eclipse\angus\angus-activation\2.0.2\angus-activation-2.0.2.jar;C:\Users\murth\.m2\repository\org\hibernate\orm\hibernate-core\6.2.7.Final\hibernate-core-6.2.7.Final.jar;C:\Users\murth\.m2\repository\jakarta\persistence\jakarta.persistence-api\3.1.0\jakarta.persistence-api-3.1.0.jar;C:\Users\murth\.m2\repository\jakarta\transaction\jakarta.transaction-api\2.0.1\jakarta.transaction-api-2.0.1.jar;C:\Users\murth\.m2\repository\org\jboss\logging\jboss-logging\3.5.3.Final\jboss-logging-3.5.3.Final.jar;C:\Users\murth\.m2\repository\org\hibernate\common\hibernate-commons-annotations\6.0.6.Final\hibernate-commons-annotations-6.0.6.Final.jar;C:\Users\murth\.m2\repository\io\smallrye\jandex\3.0.5\jandex-3.0.5.jar;C:\Users\murth\.m2\repository\com\fasterxml\classmate\1.7.0\classmate-1.7.0.jar;C:\Users\murth\.m2\repository\net\bytebuddy\byte-buddy\1.14.19\byte-buddy-1.14.19.jar;C:\Users\murth\.m2\repository\jakarta\xml\bind\jakarta.xml.bind-api\4.0.2\jakarta.xml.bind-api-4.0.2.jar;C:\Users\murth\.m2\repository\org\glassfish\jaxb\jaxb-runtime\4.0.5\jaxb-runtime-4.0.5.jar;C:\Users\murth\.m2\repository\org\glassfish\jaxb\jaxb-core\4.0.5\jaxb-core-4.0.5.jar;C:\Users\murth\.m2\repository\org\glassfish\jaxb\txw2\4.0.5\txw2-4.0.5.jar;C:\Users\murth\.m2\repository\com\sun\istack\istack-commons-runtime\4.1.2\istack-commons-runtime-4.1.2.jar;C:\Users\murth\.m2\repository\jakarta\inject\jakarta.inject-api\2.0.1\jakarta.inject-api-2.0.1.jar;C:\Users\murth\.m2\repository\org\antlr\antlr4-runtime\4.10.1\antlr4-runtime-4.10.1.jar;C:\Users\murth\.m2\repository\org\hibernate\search\hibernate-search-mapper-orm-orm6\6.2.1.Final\hibernate-search-mapper-orm-orm6-6.2.1.Final.jar;C:\Users\murth\.m2\repository\org\hibernate\search\hibernate-search-engine\6.2.1.Final\hibernate-search-engine-6.2.1.Final.jar;C:\Users\murth\.m2\repository\org\hibernate\search\hibernate-search-mapper-pojo-base\6.2.1.Final\hibernate-search-mapper-pojo-base-6.2.1.Final.jar;C:\Users\murth\.m2\repository\org\hibernate\search\hibernate-search-util-common\6.2.1.Final\hibernate-search-util-common-6.2.1.Final.jar;C:\Users\murth\.m2\repository\org\hibernate\search\hibernate-search-backend-lucene\6.2.1.Final\hibernate-search-backend-lucene-6.2.1.Final.jar;C:\Users\murth\.m2\repository\org\apache\lucene\lucene-core\8.11.2\lucene-core-8.11.2.jar;C:\Users\murth\.m2\repository\org\apache\lucene\lucene-analyzers-common\8.11.2\lucene-analyzers-common-8.11.2.jar;C:\Users\murth\.m2\repository\org\apache\lucene\lucene-queryparser\8.11.2\lucene-queryparser-8.11.2.jar;C:\Users\murth\.m2\repository\org\apache\lucene\lucene-queries\8.11.2\lucene-queries-8.11.2.jar;C:\Users\murth\.m2\repository\org\apache\lucene\lucene-join\8.11.2\lucene-join-8.11.2.jar;C:\Users\murth\.m2\repository\org\apache\lucene\lucene-facet\8.11.2\lucene-facet-8.11.2.jar;C:\Users\murth\.m2\repository\com\carrotsearch\hppc\0.8.1\hppc-0.8.1.jar;C:\Users\murth\.m2\repository\org\apache\lucene\lucene-highlighter\8.11.2\lucene-highlighter-8.11.2.jar;C:\Users\murth\.m2\repository\org\apache\lucene\lucene-memory\8.11.2\lucene-memory-8.11.2.jar;C:\Users\murth\.m2\repository\org\springframework\boot\spring-boot-starter-web\3.3.5\spring-boot-starter-web-3.3.5.jar;C:\Users\murth\.m2\repository\org\springframework\boot\spring-boot-starter-json\3.3.5\spring-boot-starter-json-3.3.5.jar;C:\Users\murth\.m2\repository\com\fasterxml\jackson\core\jackson-databind\2.17.2\jackson-databind-2.17.2.jar;C:\Users\murth\.m2\repository\com\fasterxml\jackson\core\jackson-annotations\2.17.2\jackson-annotations-2.17.2.jar;C:\Users\murth\.m2\repository\com\fasterxml\jackson\core\jackson-core\2.17.2\jackson-core-2.17.2.jar;C:\Users\murth\.m2\repository\com\fasterxml\jackson\datatype\jackson-datatype-jdk8\2.17.2\jackson-datatype-jdk8-2.17.2.jar;C:\Users\murth\.m2\repository\com\fasterxml\jackson\datatype\jackson-datatype-jsr310\2.17.2\jackson-datatype-jsr310-2.17.2.jar;C:\Users\murth\.m2\repository\com\fasterxml\jackson\module\jackson-module-parameter-names\2.17.2\jackson-module-parameter-names-2.17.2.jar;C:\Users\murth\.m2\repository\org\springframework\boot\spring-boot-starter-tomcat\3.3.5\spring-boot-starter-tomcat-3.3.5.jar;C:\Users\murth\.m2\repository\org\apache\tomcat\embed\tomcat-embed-websocket\10.1.31\tomcat-embed-websocket-10.1.31.jar;C:\Users\murth\.m2\repository\org\springframework\spring-web\6.1.14\spring-web-6.1.14.jar;C:\Users\murth\.m2\repository\io\micrometer\micrometer-observation\1.13.6\micrometer-observation-1.13.6.jar;C:\Users\murth\.m2\repository\io\micrometer\micrometer-commons\1.13.6\micrometer-commons-1.13.6.jar;C:\Users\murth\.m2\repository\org\springframework\spring-webmvc\6.1.14\spring-webmvc-6.1.14.jar;C:\Users\murth\.m2\repository\org\springframework\spring-aop\6.1.14\spring-aop-6.1.14.jar;C:\Users\murth\.m2\repository\org\springframework\spring-expression\6.1.14\spring-expression-6.1.14.jar;C:\Users\murth\.m2\repository\org\springframework\boot\spring-boot-starter-validation\3.3.5\spring-boot-starter-validation-3.3.5.jar;C:\Users\murth\.m2\repository\org\apache\tomcat\embed\tomcat-embed-el\10.1.31\tomcat-embed-el-10.1.31.jar;C:\Users\murth\.m2\repository\org\hibernate\validator\hibernate-validator\8.0.1.Final\hibernate-validator-8.0.1.Final.jar;C:\Users\murth\.m2\repository\jakarta\validation\jakarta.validation-api\3.0.2\jakarta.validation-api-3.0.2.jar;C:\Users\murth\.m2\repository\org\slf4j\slf4j-api\2.0.16\slf4j-api-2.0.16.jar;C:\Users\murth\.m2\repository\org\springframework\spring-core\6.1.14\spring-core-6.1.14.jar;C:\Users\murth\.m2\repository\org\springframework\spring-jcl\6.1.14\spring-jcl-6.1.14.jar;C:\Users\murth\.m2\repository\org\apache\tomcat\tomcat-jasper-el\11.0.0\tomcat-jasper-el-11.0.0.jar;C:\Users\murth\.m2\repository\org\apache\tomcat\tomcat-el-api\11.0.0\tomcat-el-api-11.0.0.jar;C:\Users\murth\.m2\repository\org\apache\tomcat\embed\tomcat-embed-jasper\11.0.0\tomcat-embed-jasper-11.0.0.jar;C:\Users\murth\.m2\repository\org\apache\tomcat\embed\tomcat-embed-core\10.1.31\tomcat-embed-core-10.1.31.jar;C:\Users\murth\.m2\repository\org\apache\tomcat\tomcat-annotations-api\10.1.31\tomcat-annotations-api-10.1.31.jar;C:\Users\murth\.m2\repository\org\eclipse\jdt\ecj\3.39.0\ecj-3.39.0.jar;C:\Users\murth\.m2\repository\org\glassfish\web\jakarta.servlet.jsp.jstl\2.0.0\jakarta.servlet.jsp.jstl-2.0.0.jar;C:\Users\murth\.m2\repository\jakarta\servlet\jsp\jstl\jakarta.servlet.jsp.jstl-api\3.0.2\jakarta.servlet.jsp.jstl-api-3.0.2.jar;C:\Users\murth\.m2\repository\jakarta\servlet\jakarta.servlet-api\6.0.0\jakarta.servlet-api-6.0.0.jar;C:\Users\murth\.m2\repository\jakarta\el\jakarta.el-api\5.0.0\jakarta.el-api-5.0.0.jar;C:\Users\murth\.m2\repository\org\springframework\boot\spring-boot-starter-data-jpa\3.3.5\spring-boot-starter-data-jpa-3.3.5.jar;C:\Users\murth\.m2\repository\org\springframework\boot\spring-boot-starter-aop\3.3.5\spring-boot-starter-aop-3.3.5.jar;C:\Users\murth\.m2\repository\org\aspectj\aspectjweaver\1.9.22.1\aspectjweaver-1.9.22.1.jar;C:\Users\murth\.m2\repository\org\springframework\boot\spring-boot-starter-jdbc\3.3.5\spring-boot-starter-jdbc-3.3.5.jar;C:\Users\murth\.m2\repository\com\zaxxer\HikariCP\5.1.0\HikariCP-5.1.0.jar;C:\Users\murth\.m2\repository\org\springframework\spring-jdbc\6.1.14\spring-jdbc-6.1.14.jar;C:\Users\murth\.m2\repository\org\springframework\data\spring-data-jpa\3.3.5\spring-data-jpa-3.3.5.jar;C:\Users\murth\.m2\repository\org\springframework\data\spring-data-commons\3.3.5\spring-data-commons-3.3.5.jar;C:\Users\murth\.m2\repository\org\springframework\spring-orm\6.1.14\spring-orm-6.1.14.jar;C:\Users\murth\.m2\repository\org\springframework\spring-tx\6.1.14\spring-tx-6.1.14.jar;C:\Users\murth\.m2\repository\org\springframework\spring-aspects\6.1.14\spring-aspects-6.1.14.jar;C:\Users\murth\.m2\repository\com\mysql\mysql-connector-j\8.3.0\mysql-connector-j-8.3.0.jar;C:\Users\murth\.m2\repository\org\springframework\boot\spring-boot-devtools\3.3.5\spring-boot-devtools-3.3.5.jar;C:\Users\murth\.m2\repository\org\springframework\boot\spring-boot\3.3.5\spring-boot-3.3.5.jar;C:\Users\murth\.m2\repository\org\springframework\boot\spring-boot-autoconfigure\3.3.5\spring-boot-autoconfigure-3.3.5.jar;C:\Users\murth\.m2\repository\org\projectlombok\lombok\1.18.34\lombok-1.18.34.jar;C:\Users\murth\.m2\repository\org\hibernate\hibernate-core\4.1.4.Final\hibernate-core-4.1.4.Final.jar;C:\Users\murth\.m2\repository\antlr\antlr\2.7.7\antlr-2.7.7.jar;C:\Users\murth\.m2\repository\org\jboss\spec\javax\transaction\jboss-transaction-api_1.1_spec\1.0.0.Final\jboss-transaction-api_1.1_spec-1.0.0.Final.jar;C:\Users\murth\.m2\repository\dom4j\dom4j\1.6.1\dom4j-1.6.1.jar;C:\Users\murth\.m2\repository\org\hibernate\javax\persistence\hibernate-jpa-2.0-api\1.0.1.Final\hibernate-jpa-2.0-api-1.0.1.Final.jar;C:\Users\murth\.m2\repository\org\javassist\javassist\3.15.0-GA\javassist-3.15.0-GA.jar;C:\Users\murth\.m2\repository\javax\xml\bind\jaxb-api\2.3.0\jaxb-api-2.3.0.jar;C:\Users\murth\.m2\repository\com\cloudinary\cloudinary-http44\1.32.2\cloudinary-http44-1.32.2.jar;C:\Users\murth\.m2\repository\com\cloudinary\cloudinary-core\1.32.2\cloudinary-core-1.32.2.jar;C:\Users\murth\.m2\repository\org\apache\commons\commons-lang3\3.14.0\commons-lang3-3.14.0.jar;C:\Users\murth\.m2\repository\org\apache\httpcomponents\httpclient\4.4\httpclient-4.4.jar;C:\Users\murth\.m2\repository\org\apache\httpcomponents\httpcore\4.4.16\httpcore-4.4.16.jar;C:\Users\murth\.m2\repository\commons-logging\commons-logging\1.2\commons-logging-1.2.jar;C:\Users\murth\.m2\repository\commons-codec\commons-codec\1.16.1\commons-codec-1.16.1.jar;C:\Users\murth\.m2\repository\org\apache\httpcomponents\httpmime\4.4\httpmime-4.4.jar;C:\Users\murth\.m2\repository\org\apache\commons\commons-csv\1.10.0\commons-csv-1.10.0.jar
Launcher Type: SUN_STANDARD

[Global flags]
     intx CICompilerCount                          = 4                                         {product} {ergonomic}
     uint ConcGCThreads                            = 2                                         {product} {ergonomic}
     uint G1ConcRefinementThreads                  = 8                                         {product} {ergonomic}
   size_t G1HeapRegionSize                         = 2097152                                   {product} {ergonomic}
    uintx GCDrainStackTargetSize                   = 64                                        {product} {ergonomic}
   size_t InitialHeapSize                          = 264241152                                 {product} {ergonomic}
     bool ManagementServer                         = true                                      {product} {command line}
   size_t MarkStackSize                            = 4194304                                   {product} {ergonomic}
   size_t MaxHeapSize                              = 4227858432                                {product} {ergonomic}
   size_t MaxNewSize                               = 2535456768                                {product} {ergonomic}
   size_t MinHeapDeltaBytes                        = 2097152                                   {product} {ergonomic}
   size_t MinHeapSize                              = 8388608                                   {product} {ergonomic}
    uintx NonNMethodCodeHeapSize                   = 4096                                   {pd product} {ergonomic}
    uintx NonProfiledCodeHeapSize                  = 0                                      {pd product} {ergonomic}
     bool ProfileInterpreter                       = false                                  {pd product} {command line}
    uintx ProfiledCodeHeapSize                     = 0                                      {pd product} {ergonomic}
     bool ShowCodeDetailsInExceptionMessages       = true                                   {manageable} {command line}
   size_t SoftMaxHeapSize                          = 4227858432                             {manageable} {ergonomic}
     intx TieredStopAtLevel                        = 1                                         {product} {command line}
     bool UseCompressedOops                        = true                           {product lp64_product} {ergonomic}
     bool UseG1GC                                  = true                                      {product} {ergonomic}
     bool UseLargePagesIndividualAllocation        = false                                  {pd product} {ergonomic}

Logging:
Log output configuration:
 #0: stdout all=warning uptime,level,tags foldmultilines=false
 #1: stderr all=off uptime,level,tags foldmultilines=false

Environment Variables:
JAVA_HOME=C:\Program Files\Java\jdk-11.0.12
PATH=C:\Program Files\Common Files\Oracle\Java\javapath;C:\Program Files (x86)\Common Files\Oracle\Java\java8path;C:\Program Files (x86)\Common Files\Oracle\Java\javapath;C:\oraclexe\app\oracle\product\10.2.0\server\bin;C:\WINDOWS\system32;C:\WINDOWS;C:\WINDOWS\System32\Wbem;C:\WINDOWS\System32\WindowsPowerShell\v1.0\;C:\WINDOWS\System32\OpenSSH\;C:\Program Files\dotnet\;C:\Program Files\Git\cmd;C:\Program Files\nodejs\;C:\Program Files\MySQL\MySQL Server 8.0\bin;C:\Program Files\Amazon\AWSCLIV2\;C:\Program Files\PuTTY\;C:\Program Files (x86)\Gpg4win\..\GnuPG\bin;C:\Program Files\Amazon\AWSSAMCLI\bin\;C:\Program Files\MySQL\MySQL Shell 8.0\bin\;C:\Users\murth\AppData\Local\Programs\Python\Python312\Scripts\;C:\Users\murth\AppData\Local\Programs\Python\Python312\;C:\Users\murth\AppData\Local\Programs\Python\Launcher\;C:\Users\murth\AppData\Local\Microsoft\WindowsApps;C:\Users\murth\AppData\Local\Programs\Microsoft VS Code\bin;C:\Users\murth\AppData\Roaming\npm;C:\Program Files (x86)\MongoDB Atlas CLI\;C:\Program Files\JetBrains\IntelliJ IDEA Community Edition 2024.1.2\bin;;C:\Program Files\nodejs;C:\Users\murth\AppData\Roaming\npm;C:\Program Files\JetBrains\PyCharm Community Edition 2023.3.2\bin;;C:\Program Files\Java\jdk-11.0.12\bin;C:\Dev-Cpp\bin;D:\3rd\ODD\CRT\C\SOftware\gcc-14.1.0-no-debug\bin;C:\Program Files\JetBrains\PyCharm 2024.2.3\bin;;C:\Program Files\JetBrains\IntelliJ IDEA 2024.2.3\bin;
USERNAME=murth
OS=Windows_NT
PROCESSOR_IDENTIFIER=Intel64 Family 6 Model 140 Stepping 2, GenuineIntel
TMP=C:\Users\murth\AppData\Local\Temp
TEMP=C:\Users\murth\AppData\Local\Temp




Periodic native trim disabled

---------------  S Y S T E M  ---------------

OS:
 Windows 11 , 64 bit Build 22621 (10.0.22621.4391)
OS uptime: 2 days 2:54 hours
Hyper-V role detected

CPU: total 8 (initial active 8) (4 cores per cpu, 2 threads per core) family 6 model 140 stepping 2 microcode 0x16, cx8, cmov, fxsr, ht, mmx, 3dnowpref, sse, sse2, sse3, ssse3, sse4.1, sse4.2, popcnt, lzcnt, tsc, tscinvbit, avx, avx2, aes, erms, clmul, bmi1, bmi2, adx, avx512f, avx512dq, avx512cd, avx512bw, avx512vl, sha, fma, vzeroupper, avx512_vpopcntdq, avx512_vpclmulqdq, avx512_vaes, avx512_vnni, clflush, clflushopt, clwb, avx512_vbmi2, avx512_vbmi, hv, rdtscp, rdpid, fsrm, gfni, avx512_bitalg, f16c, cet_ibt, cet_ss, avx512_ifma
Processor Information for processor 0
  Max Mhz: 2496, Current Mhz: 2496, Mhz Limit: 2496
Processor Information for processor 1
  Max Mhz: 2496, Current Mhz: 2496, Mhz Limit: 2496
Processor Information for processor 2
  Max Mhz: 2496, Current Mhz: 2496, Mhz Limit: 2496
Processor Information for processor 3
  Max Mhz: 2496, Current Mhz: 2496, Mhz Limit: 2496
Processor Information for processor 4
  Max Mhz: 2496, Current Mhz: 2496, Mhz Limit: 2496
Processor Information for processor 5
  Max Mhz: 2496, Current Mhz: 2496, Mhz Limit: 2496
Processor Information for processor 6
  Max Mhz: 2496, Current Mhz: 998, Mhz Limit: 2496
Processor Information for processor 7
  Max Mhz: 2496, Current Mhz: 2496, Mhz Limit: 2496

Memory: 4k page, system-wide physical 16122M (4162M free)
TotalPageFile size 22010M (AvailPageFile size 3998M)
current process WorkingSet (physical memory assigned to process): 250M, peak: 279M
current process commit charge ("private bytes"): 333M, peak: 374M

vm_info: Java HotSpot(TM) 64-Bit Server VM (21.0.3+7-LTS-152) for windows-amd64 JRE (21.0.3+7-LTS-152), built on 2024-03-11T17:42:26Z by "mach5one" with MS VC++ 17.6 (VS2022)

END.
